0 info it worked if it ends with ok
1 verbose cli [ 'C:\\Program Files\\nodejs\\node.exe',
1 verbose cli   'C:\\Users\\Samuil\\AppData\\Roaming\\npm\\node_modules\\npm\\bin\\npm-cli.js',
1 verbose cli   'build',
1 verbose cli   'ss-api-gateway' ]
2 info using npm@3.4.1
3 info using node@v4.2.2
4 info build C:\BAI_SAM\DEV\ss-backend\ss-api-gateway\ss-api-gateway
5 verbose stack Error: ENOENT: no such file or directory, open 'C:\BAI_SAM\DEV\ss-backend\ss-api-gateway\ss-api-gateway\package.json'
5 verbose stack     at Error (native)
6 verbose cwd C:\BAI_SAM\DEV\ss-backend\ss-api-gateway
7 error Windows_NT 10.0.10240
8 error argv "C:\\Program Files\\nodejs\\node.exe" "C:\\Users\\Samuil\\AppData\\Roaming\\npm\\node_modules\\npm\\bin\\npm-cli.js" "build" "ss-api-gateway"
9 error node v4.2.2
10 error npm  v3.4.1
11 error path C:\BAI_SAM\DEV\ss-backend\ss-api-gateway\ss-api-gateway\package.json
12 error code ENOENT
13 error errno -4058
14 error syscall open
15 error enoent ENOENT: no such file or directory, open 'C:\BAI_SAM\DEV\ss-backend\ss-api-gateway\ss-api-gateway\package.json'
15 error enoent This is most likely not a problem with npm itself
15 error enoent and is related to npm not being able to find a file.
16 verbose exit [ -4058, true ]
